<?xml version="1.0" encoding="UTF-8"?>
<!-- Generated by org.testng.reporters.JUnitReportReporter -->
<testsuite hostname="LTIN202390" failures="0" tests="5" name="testCases.VerifyAroundCognizant" time="2.665" errors="0" timestamp="2024-02-11T16:03:01 IST" skipped="0">
  <testcase classname="testCases.VerifyAroundCognizant" name="scroll" time="0.003"/>
  <system-out/>
  <testcase classname="testCases.VerifyAroundCognizant" name="testcontent" time="0.302"/>
  <system-out/>
  <testcase classname="testCases.VerifyAroundCognizant" name="news" time="0.582"/>
  <system-out/>
  <testcase classname="testCases.VerifyAroundCognizant" name="text" time="0.415"/>
  <system-out/>
  <testcase classname="testCases.VerifyAroundCognizant" name="tooltips" time="1.363"/>
  <system-out/>
</testsuite> <!-- testCases.VerifyAroundCognizant -->
