<?xml version="1.0" encoding="UTF-8"?>
<!-- Generated by org.testng.reporters.JUnitReportReporter -->
<testsuite hostname="LTIN202390" failures="0" tests="4" name="testCases.VerifyAroundCognizant" time="2.599" errors="0" timestamp="2024-02-12T17:07:54 IST" skipped="0">
  <testcase classname="testCases.VerifyAroundCognizant" name="scroll" time="0.003"/>
  <system-out/>
  <testcase classname="testCases.VerifyAroundCognizant" name="verifyAroundCognizantPresent" time="0.272"/>
  <system-out/>
  <testcase classname="testCases.VerifyAroundCognizant" name="verifyNewsDisplayed" time="0.556"/>
  <system-out/>
  <testcase classname="testCases.VerifyAroundCognizant" name="verifyTooltipAndHeader" time="1.768"/>
  <system-out/>
</testsuite> <!-- testCases.VerifyAroundCognizant -->
