<?xml version="1.0" encoding="UTF-8"?>
<!-- Generated by org.testng.reporters.JUnitReportReporter -->
<testsuite hostname="LTIN202390" failures="0" tests="1" name="testCases.VerifyUserDetails" time="10.876" errors="0" timestamp="2024-02-08T15:52:29 IST" skipped="0">
  <testcase classname="testCases.VerifyUserDetails" name="Capture" time="10.876"/>
  <system-out/>
</testsuite> <!-- testCases.VerifyUserDetails -->
