<?xml version="1.0" encoding="UTF-8"?>
<!-- Generated by org.testng.reporters.JUnitReportReporter -->
<testsuite hostname="LTIN202390" failures="0" tests="2" name="testCases.VerifyUserDetails" time="3.850" errors="0" timestamp="2024-02-12T23:01:21 IST" skipped="0">
  <testcase classname="testCases.VerifyUserDetails" name="clickProfile" time="2.584"/>
  <system-out/>
  <testcase classname="testCases.VerifyUserDetails" name="verifyDetails" time="1.266"/>
  <system-out/>
</testsuite> <!-- testCases.VerifyUserDetails -->
