<?xml version="1.0" encoding="UTF-8"?>
<!-- Generated by org.testng.reporters.JUnitReportReporter -->
<testsuite hostname="LTIN202390" failures="0" tests="2" name="testCases.VerifyUserDetails" time="5.079" errors="0" timestamp="2024-02-13T15:13:44 IST" skipped="0">
  <testcase classname="testCases.VerifyUserDetails" name="clickProfile" time="2.557"/>
  <system-out/>
  <testcase classname="testCases.VerifyUserDetails" name="clickProfile" time="2.522"/>
  <system-out/>
</testsuite> <!-- testCases.VerifyUserDetails -->
