<?xml version="1.0" encoding="UTF-8"?>
<!-- Generated by org.testng.reporters.JUnitReportReporter -->
<testsuite hostname="LTIN202390" failures="0" tests="2" name="testCases.VerifyAllNews" time="11.543" errors="0" timestamp="2024-02-13T15:13:44 IST" skipped="0">
  <testcase classname="testCases.VerifyAllNews" name="verifySeeAllLink" time="5.700"/>
  <system-out/>
  <testcase classname="testCases.VerifyAllNews" name="verifySeeAllLink" time="5.843"/>
  <system-out/>
</testsuite> <!-- testCases.VerifyAllNews -->
