<?xml version="1.0" encoding="UTF-8"?>
<!-- Generated by org.testng.reporters.JUnitReportReporter -->
<testsuite hostname="LTIN202390" failures="0" tests="7" name="testCases.VerifyAllNews" time="112.946" errors="0" timestamp="2024-02-12T23:01:21 IST" skipped="0">
  <testcase classname="testCases.VerifyAllNews" name="verifySeeAllLink" time="3.444"/>
  <system-out/>
  <testcase classname="testCases.VerifyAllNews" name="verifyNewsHeaders" time="0.285"/>
  <system-out/>
  <testcase classname="testCases.VerifyAllNews" name="verifyNewsHeaders" time="0.263"/>
  <system-out/>
  <testcase classname="testCases.VerifyAllNews" name="verifyNewsHeaders" time="0.286"/>
  <system-out/>
  <testcase classname="testCases.VerifyAllNews" name="verifyNewsHeaders" time="0.286"/>
  <system-out/>
  <testcase classname="testCases.VerifyAllNews" name="verifyNewsHeaders" time="3.637"/>
  <system-out/>
  <testcase classname="testCases.VerifyAllNews" name="verifyEachNews" time="104.745"/>
  <system-out/>
</testsuite> <!-- testCases.VerifyAllNews -->
