<?xml version="1.0" encoding="UTF-8"?>
<!-- Generated by org.testng.reporters.JUnitReportReporter -->
<testsuite hostname="DESKTOP-50I6RCA" failures="0" tests="2" name="testCases.VerifyUserDetails" time="9.729" errors="0" timestamp="2024-02-13T16:53:40 IST" skipped="0">
  <testcase classname="testCases.VerifyUserDetails" name="clickProfile" time="4.521"/>
  <testcase classname="testCases.VerifyUserDetails" name="verifyDetails" time="5.208"/>
</testsuite> <!-- testCases.VerifyUserDetails -->
