<?xml version="1.0" encoding="UTF-8"?>
<!-- Generated by org.testng.reporters.JUnitReportReporter -->
<testsuite hostname="LTIN202390" failures="0" tests="3" name="testCases.VerifyAllNews" time="110.456" errors="0" timestamp="2024-02-11T16:03:01 IST" skipped="0">
  <testcase classname="testCases.VerifyAllNews" name="verifySeeAllLink" time="1.217"/>
  <system-out/>
  <testcase classname="testCases.VerifyAllNews" name="verifyNewsHeaders" time="4.422"/>
  <system-out/>
  <testcase classname="testCases.VerifyAllNews" name="verifyEachNews" time="104.817"/>
  <system-out/>
</testsuite> <!-- testCases.VerifyAllNews -->
