<?xml version="1.0" encoding="UTF-8"?>
<!-- Generated by org.testng.reporters.JUnitReportReporter -->
<testsuite hostname="LTIN202390" failures="0" tests="5" name="testCases.TestRun" time="0.900" errors="0" timestamp="2024-02-07T15:26:52 IST" skipped="0">
  <testcase classname="testCases.TestRun" name="testcontent" time="0.070"/>
  <system-out/>
  <testcase classname="testCases.TestRun" name="scroll" time="0.060"/>
  <system-out/>
  <testcase classname="testCases.TestRun" name="news" time="0.032"/>
  <system-out/>
  <testcase classname="testCases.TestRun" name="text" time="0.301"/>
  <system-out/>
  <testcase classname="testCases.TestRun" name="tooltips" time="0.437"/>
  <system-out/>
</testsuite> <!-- testCases.TestRun -->
