<?xml version="1.0" encoding="UTF-8"?>
<!-- Generated by org.testng.reporters.JUnitReportReporter -->
<testsuite hostname="DESKTOP-50I6RCA" failures="0" tests="3" name="testCases.VerifyAroundCognizant" time="36.096" errors="0" timestamp="2024-02-13T16:53:40 IST" skipped="0">
  <testcase classname="testCases.VerifyAroundCognizant" name="verifyAroundCognizantPresent" time="0.403"/>
  <testcase classname="testCases.VerifyAroundCognizant" name="verifyNewsDisplayed" time="3.996"/>
  <testcase classname="testCases.VerifyAroundCognizant" name="verifyTooltipAndHeader" time="31.697"/>
</testsuite> <!-- testCases.VerifyAroundCognizant -->
