<?xml version="1.0" encoding="UTF-8"?>
<!-- Generated by org.testng.reporters.JUnitReportReporter -->
<testsuite hostname="LTIN202390" failures="0" tests="2" name="testCases.sample" time="108.292" errors="0" timestamp="2024-02-07T14:41:32 IST" skipped="0">
  <testcase classname="testCases.sample" name="test" time="0.384"/>
  <system-out/>
  <testcase classname="testCases.sample" name="test2" time="107.908"/>
  <system-out/>
</testsuite> <!-- testCases.sample -->
