<?xml version="1.0" encoding="UTF-8"?>
<!-- Generated by org.testng.reporters.JUnitReportReporter -->
<testsuite hostname="LTIN202390" failures="0" tests="2" name="testCases.VerifyAllNews" time="155.337" errors="0" timestamp="2024-02-08T15:52:29 IST" skipped="0">
  <testcase classname="testCases.VerifyAllNews" name="test2" time="103.442"/>
  <system-out/>
  <testcase classname="testCases.VerifyAllNews" name="test" time="51.895"/>
  <system-out/>
</testsuite> <!-- testCases.VerifyAllNews -->
