<?xml version="1.0" encoding="UTF-8"?>
<!-- Generated by org.testng.reporters.JUnitReportReporter -->
<testsuite hostname="LTIN202390" failures="0" tests="5" name="testCases.VerifyAroundCognizant" time="1.285" errors="0" timestamp="2024-02-07T17:06:05 IST" skipped="0">
  <testcase classname="testCases.VerifyAroundCognizant" name="testcontent" time="0.156"/>
  <system-out/>
  <testcase classname="testCases.VerifyAroundCognizant" name="scroll" time="0.064"/>
  <system-out/>
  <testcase classname="testCases.VerifyAroundCognizant" name="news" time="0.059"/>
  <system-out/>
  <testcase classname="testCases.VerifyAroundCognizant" name="text" time="0.357"/>
  <system-out/>
  <testcase classname="testCases.VerifyAroundCognizant" name="tooltips" time="0.649"/>
  <system-out/>
</testsuite> <!-- testCases.VerifyAroundCognizant -->
