<?xml version="1.0" encoding="UTF-8"?>
<!-- Generated by org.testng.reporters.JUnitReportReporter -->
<testsuite hostname="LTIN202390" failures="0" tests="4" name="testCases.VerifyAroundCognizant" time="15.529" errors="0" timestamp="2024-02-13T15:13:44 IST" skipped="0">
  <testcase classname="testCases.VerifyAroundCognizant" name="verifyAroundCognizantPresent" time="0.184"/>
  <system-out/>
  <testcase classname="testCases.VerifyAroundCognizant" name="verifyAroundCognizantPresent" time="0.145"/>
  <system-out/>
  <testcase classname="testCases.VerifyAroundCognizant" name="verifyNewsDisplayed" time="11.314"/>
  <system-out/>
  <testcase classname="testCases.VerifyAroundCognizant" name="verifyNewsDisplayed" time="3.886"/>
  <system-out/>
</testsuite> <!-- testCases.VerifyAroundCognizant -->
