<?xml version="1.0" encoding="UTF-8"?>
<!-- Generated by org.testng.reporters.JUnitReportReporter -->
<testsuite hostname="LTIN202390" failures="0" tests="4" name="testCases.VerifyAroundCognizant" time="3.375" errors="0" timestamp="2024-02-12T23:01:21 IST" skipped="0">
  <testcase classname="testCases.VerifyAroundCognizant" name="scroll" time="0.005"/>
  <system-out/>
  <testcase classname="testCases.VerifyAroundCognizant" name="verifyAroundCognizantPresent" time="0.763"/>
  <system-out/>
  <testcase classname="testCases.VerifyAroundCognizant" name="verifyNewsDisplayed" time="0.510"/>
  <system-out/>
  <testcase classname="testCases.VerifyAroundCognizant" name="verifyTooltipAndHeader" time="2.097"/>
  <system-out/>
</testsuite> <!-- testCases.VerifyAroundCognizant -->
