<?xml version="1.0" encoding="UTF-8"?>
<!-- Generated by org.testng.reporters.JUnitReportReporter -->
<testsuite hostname="LTIN203200" failures="0" tests="7" name="testCases.VerifyAllNews" time="64.767" errors="0" timestamp="2024-03-13T16:10:53 IST" skipped="0">
  <testcase classname="testCases.VerifyAllNews" name="verifySeeAllLink" time="7.475"/>
  <testcase classname="testCases.VerifyAllNews" name="verifyNewsHeaders" time="0.245"/>
  <testcase classname="testCases.VerifyAllNews" name="verifyNewsHeaders" time="0.209"/>
  <testcase classname="testCases.VerifyAllNews" name="verifyNewsHeaders" time="0.205"/>
  <testcase classname="testCases.VerifyAllNews" name="verifyNewsHeaders" time="0.257"/>
  <testcase classname="testCases.VerifyAllNews" name="verifyNewsHeaders" time="4.456"/>
  <testcase classname="testCases.VerifyAllNews" name="verifyEachNews" time="51.920"/>
</testsuite> <!-- testCases.VerifyAllNews -->
